# JRE version: Java(TM) SE Runtime Environment (8.0_11-b12) (build 1.8.0_11-b12)
# Java VM: Java HotSpot(TM) 64-Bit Server VM (25.11-b03 mixed mode windows-amd64 compressed oops)
Heap:
 PSYoungGen      total 115200K, used 15109K [0x00000000eab00000, 0x00000000f2980000, 0x0000000100000000)
  eden space 105472K, 8% used [0x00000000eab00000,0x00000000eb38e568,0x00000000f1200000)
  from space 9728K, 65% used [0x00000000f1c00000,0x00000000f2233220,0x00000000f2580000)
  to   space 10240K, 0% used [0x00000000f1200000,0x00000000f1200000,0x00000000f1c00000)
 ParOldGen       total 51200K, used 33296K [0x00000000c0000000, 0x00000000c3200000, 0x00000000eab00000)
  object space 51200K, 65% used [0x00000000c0000000,0x00000000c2084370,0x00000000c3200000)
 Metaspace       used 53303K, capacity 56116K, committed 56320K, reserved 1097728K
  class space    used 7243K, capacity 7671K, committed 7680K, reserved 1048576K
GC Heap History (10 events):
Event: 1223.931 GC heap before
{Heap before GC invocations=63 (full 10):
 PSYoungGen      total 120832K, used 98494K [0x00000000eab00000, 0x00000000f2d00000, 0x0000000100000000)
  eden space 109568K, 84% used [0x00000000eab00000,0x00000000f052d108,0x00000000f1600000)
  from space 11264K, 54% used [0x00000000f2200000,0x00000000f28029b0,0x00000000f2d00000)
  to   space 11776K, 0% used [0x00000000f1600000,0x00000000f1600000,0x00000000f2180000)
 ParOldGen       total 51200K, used 36947K [0x00000000c0000000, 0x00000000c3200000, 0x00000000eab00000)
  object space 51200K, 72% used [0x00000000c0000000,0x00000000c2414da0,0x00000000c3200000)
 Metaspace       used 52751K, capacity 55032K, committed 55168K, reserved 1097728K
  class space    used 7155K, capacity 7525K, committed 7552K, reserved 1048576K
Event: 1223.947 GC heap after
Heap after GC invocations=63 (full 10):
 PSYoungGen      total 114688K, used 4753K [0x00000000eab00000, 0x00000000f2c00000, 0x0000000100000000)
  eden space 109568K, 0% used [0x00000000eab00000,0x00000000eab00000,0x00000000f1600000)
  from space 5120K, 92% used [0x00000000f1600000,0x00000000f1aa4658,0x00000000f1b00000)
  to   space 11264K, 0% used [0x00000000f2100000,0x00000000f2100000,0x00000000f2c00000)
 ParOldGen       total 51200K, used 36955K [0x00000000c0000000, 0x00000000c3200000, 0x00000000eab00000)
  object space 51200K, 72% used [0x00000000c0000000,0x00000000c2416da0,0x00000000c3200000)
 Metaspace       used 52751K, capacity 55032K, committed 55168K, reserved 1097728K
  class space    used 7155K, capacity 7525K, committed 7552K, reserved 1048576K
}
Event: 1223.947 GC heap before
{Heap before GC invocations=64 (full 11):
 PSYoungGen      total 114688K, used 4753K [0x00000000eab00000, 0x00000000f2c00000, 0x0000000100000000)
  eden space 109568K, 0% used [0x00000000eab00000,0x00000000eab00000,0x00000000f1600000)
  from space 5120K, 92% used [0x00000000f1600000,0x00000000f1aa4658,0x00000000f1b00000)
  to   space 11264K, 0% used [0x00000000f2100000,0x00000000f2100000,0x00000000f2c00000)
 ParOldGen       total 51200K, used 36955K [0x00000000c0000000, 0x00000000c3200000, 0x00000000eab00000)
  object space 51200K, 72% used [0x00000000c0000000,0x00000000c2416da0,0x00000000c3200000)
 Metaspace       used 52751K, capacity 55032K, committed 55168K, reserved 1097728K
  class space    used 7155K, capacity 7525K, committed 7552K, reserved 1048576K
Event: 1224.263 GC heap after
Heap after GC invocations=64 (full 11):
 PSYoungGen      total 114688K, used 0K [0x00000000eab00000, 0x00000000f2c00000, 0x0000000100000000)
  eden space 109568K, 0% used [0x00000000eab00000,0x00000000eab00000,0x00000000f1600000)
  from space 5120K, 0% used [0x00000000f1600000,0x00000000f1600000,0x00000000f1b00000)
  to   space 11264K, 0% used [0x00000000f2100000,0x00000000f2100000,0x00000000f2c00000)
 ParOldGen       total 51200K, used 33280K [0x00000000c0000000, 0x00000000c3200000, 0x00000000eab00000)
  object space 51200K, 65% used [0x00000000c0000000,0x00000000c2080370,0x00000000c3200000)
 Metaspace       used 52672K, capacity 54906K, committed 55168K, reserved 1097728K
  class space    used 7143K, capacity 7504K, committed 7552K, reserved 1048576K
}
Event: 1319.174 GC heap before
{Heap before GC invocations=65 (full 11):
 PSYoungGen      total 114688K, used 109568K [0x00000000eab00000, 0x00000000f2c00000, 0x0000000100000000)
  eden space 109568K, 100% used [0x00000000eab00000,0x00000000f1600000,0x00000000f1600000)
  from space 5120K, 0% used [0x00000000f1600000,0x00000000f1600000,0x00000000f1b00000)
  to   space 11264K, 0% used [0x00000000f2100000,0x00000000f2100000,0x00000000f2c00000)
 ParOldGen       total 51200K, used 33280K [0x00000000c0000000, 0x00000000c3200000, 0x00000000eab00000)
  object space 51200K, 65% used [0x00000000c0000000,0x00000000c2080370,0x00000000c3200000)
 Metaspace       used 52840K, capacity 55238K, committed 55424K, reserved 1097728K
  class space    used 7168K, capacity 7542K, committed 7552K, reserved 1048576K
Event: 1319.282 GC heap after
Heap after GC invocations=65 (full 11):
 PSYoungGen      total 121344K, used 5823K [0x00000000eab00000, 0x00000000f2d80000, 0x0000000100000000)
  eden space 110080K, 0% used [0x00000000eab00000,0x00000000eab00000,0x00000000f1680000)
  from space 11264K, 51% used [0x00000000f2100000,0x00000000f26afda8,0x00000000f2c00000)
  to   space 10752K, 0% used [0x00000000f1680000,0x00000000f1680000,0x00000000f2100000)
 ParOldGen       total 51200K, used 33288K [0x00000000c0000000, 0x00000000c3200000, 0x00000000eab00000)
  object space 51200K, 65% used [0x00000000c0000000,0x00000000c2082370,0x00000000c3200000)
 Metaspace       used 52840K, capacity 55238K, committed 55424K, reserved 1097728K
  class space    used 7168K, capacity 7542K, committed 7552K, reserved 1048576K
}
Event: 4404.405 GC heap before
{Heap before GC invocations=66 (full 11):
 PSYoungGen      total 121344K, used 115903K [0x00000000eab00000, 0x00000000f2d80000, 0x0000000100000000)
  eden space 110080K, 100% used [0x00000000eab00000,0x00000000f1680000,0x00000000f1680000)
  from space 11264K, 51% used [0x00000000f2100000,0x00000000f26afda8,0x00000000f2c00000)
  to   space 10752K, 0% used [0x00000000f1680000,0x00000000f1680000,0x00000000f2100000)
 ParOldGen       total 51200K, used 33288K [0x00000000c0000000, 0x00000000c3200000, 0x00000000eab00000)
  object space 51200K, 65% used [0x00000000c0000000,0x00000000c2082370,0x00000000c3200000)
 Metaspace       used 53282K, capacity 56116K, committed 56320K, reserved 1097728K
  class space    used 7243K, capacity 7671K, committed 7680K, reserved 1048576K
Event: 4404.429 GC heap after
Heap after GC invocations=66 (full 11):
 PSYoungGen      total 110592K, used 5457K [0x00000000eab00000, 0x00000000f2580000, 0x0000000100000000)
  eden space 104960K, 0% used [0x00000000eab00000,0x00000000eab00000,0x00000000f1180000)
  from space 5632K, 96% used [0x00000000f1680000,0x00000000f1bd4658,0x00000000f1c00000)
  to   space 9728K, 0% used [0x00000000f1c00000,0x00000000f1c00000,0x00000000f2580000)
 ParOldGen       total 51200K, used 33296K [0x00000000c0000000, 0x00000000c3200000, 0x00000000eab00000)
  object space 51200K, 65% used [0x00000000c0000000,0x00000000c2084370,0x00000000c3200000)
 Metaspace       used 53282K, capacity 56116K, committed 56320K, reserved 1097728K
  class space    used 7243K, capacity 7671K, committed 7680K, reserved 1048576K
}
Event: 4405.522 GC heap before
{Heap before GC invocations=67 (full 11):
 PSYoungGen      total 110592K, used 110417K [0x00000000eab00000, 0x00000000f2580000, 0x0000000100000000)
  eden space 104960K, 100% used [0x00000000eab00000,0x00000000f1180000,0x00000000f1180000)
  from space 5632K, 96% used [0x00000000f1680000,0x00000000f1bd4658,0x00000000f1c00000)
  to   space 9728K, 0% used [0x00000000f1c00000,0x00000000f1c00000,0x00000000f2580000)
 ParOldGen       total 51200K, used 33296K [0x00000000c0000000, 0x00000000c3200000, 0x00000000eab00000)
  object space 51200K, 65% used [0x00000000c0000000,0x00000000c2084370,0x00000000c3200000)
 Metaspace       used 53303K, capacity 56116K, committed 56320K, reserved 1097728K
  class space    used 7243K, capacity 7671K, committed 7680K, reserved 1048576K
Event: 4405.567 GC heap after
Heap after GC invocations=67 (full 11):
 PSYoungGen      total 115200K, used 6348K [0x00000000eab00000, 0x00000000f2980000, 0x0000000100000000)
  eden space 105472K, 0% used [0x00000000eab00000,0x00000000eab00000,0x00000000f1200000)
  from space 9728K, 65% used [0x00000000f1c00000,0x00000000f2233220,0x00000000f2580000)
  to   space 10240K, 0% used [0x00000000f1200000,0x00000000f1200000,0x00000000f1c00000)
 ParOldGen       total 51200K, used 33296K [0x00000000c0000000, 0x00000000c3200000, 0x00000000eab00000)
  object space 51200K, 65% used [0x00000000c0000000,0x00000000c2084370,0x00000000c3200000)
 Metaspace       used 53303K, capacity 56116K, committed 56320K, reserved 1097728K
  class space    used 7243K, capacity 7671K, committed 7680K, reserved 1048576K
}

